RUN	com.gatling.tests.api.PostPutDeleteAPIDemo	postputdeleteapidemo	1667909917059	demo	3.6.1
USER	Update Scenario	START	1667909919200
USER	Delete Scenario	START	1667909919205
USER	Create User	START	1667909919190
USER	Delete Scenario	START	1667909919508
USER	Update Scenario	START	1667909919663
USER	Create User	START	1667909919682
USER	Delete Scenario	START	1667909919838
USER	Delete Scenario	START	1667909920167
USER	Update Scenario	START	1667909920166
USER	Create User	START	1667909920180
REQUEST		Delect User	1667909919242	1667909920435	KO	status.find.is(204), but actually found 404
USER	Delete Scenario	END	1667909920493
REQUEST		Create user request	1667909919242	1667909920433	OK	 
REQUEST		Update User	1667909919242	1667909920433	OK	 
USER	Update Scenario	END	1667909920575
USER	Delete Scenario	START	1667909920671
REQUEST		Delect User	1667909919509	1667909920673	KO	status.find.is(204), but actually found 404
USER	Delete Scenario	END	1667909920682
USER	Update Scenario	START	1667909920679
USER	Create User	START	1667909920688
REQUEST		Update User	1667909919663	1667909920802	OK	 
REQUEST		Create user request	1667909919684	1667909920802	OK	 
USER	Update Scenario	END	1667909920805
REQUEST		Delect User	1667909919839	1667909920964	KO	status.find.is(204), but actually found 404
USER	Delete Scenario	END	1667909920970
USER	Update Scenario	START	1667909921185
USER	Create User	START	1667909921185
REQUEST		Create user request	1667909920181	1667909921312	OK	 
REQUEST		Update User	1667909920167	1667909921334	OK	 
REQUEST		Delect User	1667909920168	1667909921345	KO	status.find.is(204), but actually found 404
USER	Update Scenario	END	1667909921338
USER	Delete Scenario	END	1667909921361
USER	Create User	START	1667909921665
USER	Update Scenario	START	1667909921665
REQUEST		Update User	1667909920681	1667909921787	OK	 
USER	Update Scenario	END	1667909921788
REQUEST		Delect User	1667909920675	1667909921789	KO	status.find.is(204), but actually found 404
USER	Delete Scenario	END	1667909921792
REQUEST		Create user request	1667909920691	1667909921819	OK	 
USER	Update Scenario	START	1667909922169
USER	Create User	START	1667909922174
REQUEST		Create user request	1667909921196	1667909922325	OK	 
USER	Create User	END	1667909922581
USER	Create User	START	1667909922674
USER	Update Scenario	START	1667909922674
REQUEST		Update User	1667909921666	1667909922748	OK	 
USER	Update Scenario	END	1667909922750
REQUEST		Create user request	1667909921666	1667909922805	OK	 
USER	Create User	END	1667909922814
USER	Create User	START	1667909923171
REQUEST		Create user request	1667909922178	1667909923300	OK	 
USER	Create User	END	1667909923328
REQUEST		Update User	1667909922171	1667909923334	OK	 
USER	Update Scenario	END	1667909923339
REQUEST		Update User	1667909921197	1667909923379	OK	 
USER	Update Scenario	END	1667909923381
USER	Create User	START	1667909923672
USER	Create User	END	1667909923831
REQUEST		Create user request	1667909922678	1667909923835	OK	 
REQUEST		Update User	1667909922676	1667909923839	OK	 
USER	Update Scenario	END	1667909923845
REQUEST		Create user request	1667909923172	1667909924295	OK	 
USER	Create User	END	1667909924342
REQUEST		Create user request	1667909923673	1667909924758	OK	 
USER	Create User	END	1667909924815
USER	Create User	END	1667909925313
USER	Create User	END	1667909925848
USER	Create User	END	1667909926301
USER	Create User	END	1667909926770
