RUN	com.gatling.tests.api.PostPutDeleteAPIDemo	postputdeleteapidemo	1667895360028	demo1	3.6.1
USER	Create User	START	1667895361767
USER	Update Scenario	START	1667895361769
USER	Update Scenario	START	1667895362253
USER	Create User	START	1667895362269
USER	Create User	START	1667895362768
USER	Update Scenario	START	1667895362768
REQUEST		Update User	1667895361797	1667895362903	OK	 
REQUEST		Create user request	1667895361797	1667895362909	OK	 
USER	Update Scenario	END	1667895362978
USER	Create User	START	1667895363265
USER	Update Scenario	START	1667895363265
REQUEST		Create user request	1667895362269	1667895363336	OK	 
REQUEST		Update User	1667895362254	1667895363376	OK	 
USER	Update Scenario	END	1667895363378
USER	Update Scenario	START	1667895363756
USER	Create User	START	1667895363771
REQUEST		Update User	1667895362772	1667895363864	OK	 
USER	Update Scenario	END	1667895363866
REQUEST		Create user request	1667895362772	1667895363885	OK	 
USER	Update Scenario	START	1667895364266
USER	Create User	START	1667895364266
REQUEST		Create user request	1667895363266	1667895364456	OK	 
REQUEST		Update User	1667895363266	1667895364464	OK	 
USER	Update Scenario	END	1667895364467
USER	Update Scenario	START	1667895364763
USER	Create User	START	1667895364763
REQUEST		Update User	1667895363757	1667895364830	OK	 
USER	Update Scenario	END	1667895364831
REQUEST		Create user request	1667895363771	1667895364851	OK	 
USER	Create User	END	1667895364982
USER	Update Scenario	START	1667895365261
USER	Create User	START	1667895365261
REQUEST		Create user request	1667895364266	1667895365330	OK	 
REQUEST		Update User	1667895364266	1667895365338	OK	 
USER	Create User	END	1667895365339
USER	Update Scenario	END	1667895365339
USER	Create User	START	1667895365776
REQUEST		Create user request	1667895364763	1667895365817	OK	 
REQUEST		Update User	1667895364763	1667895365841	OK	 
USER	Update Scenario	END	1667895365842
USER	Create User	END	1667895365901
USER	Create User	START	1667895366258
REQUEST		Create user request	1667895365261	1667895366312	OK	 
REQUEST		Update User	1667895365261	1667895366329	OK	 
USER	Update Scenario	END	1667895366330
USER	Create User	END	1667895366461
REQUEST		Create user request	1667895365777	1667895366839	OK	 
USER	Create User	END	1667895366855
REQUEST		Create user request	1667895366259	1667895367311	OK	 
USER	Create User	END	1667895367335
USER	Create User	END	1667895367822
USER	Create User	END	1667895368322
USER	Create User	END	1667895368856
USER	Create User	END	1667895369327
