RUN	com.gatling.tests.SearchAndEditAcer	searchandeditacer	1664786613859	Test Run 3	3.6.1
USER	Admin	START	1664786616190
USER	Users	START	1664786616188
USER	Admin	START	1664786616630
USER	Admin	START	1664786617132
USER	Users	START	1664786617148
USER	Admin	START	1664786618149
USER	Users	START	1664786618151
REQUEST		Update Acer Extensa 5220	1664786616630	1664786618080	OK	 
REQUEST		Update Acer Extensa 5220	1664786616323	1664786618073	OK	 
REQUEST		Computer List	1664786616322	1664786618160	OK	 
REQUEST		Update Acer Extensa 5220	1664786617134	1664786618372	OK	 
REQUEST		Computer List	1664786617150	1664786618384	OK	 
REQUEST		Update Acer Extensa 5220 Redirect 1	1664786618169	1664786618445	OK	 
REQUEST		Update Acer Extensa 5220 Redirect 1	1664786618169	1664786618455	OK	 
USER	Admin	START	1664786618623
REQUEST		Update Acer Extensa 5220 Redirect 1	1664786618374	1664786618702	OK	 
USER	Admin	START	1664786619125
USER	Users	START	1664786619128
REQUEST		Computer List	1664786618153	1664786619270	OK	 
REQUEST		Update Acer Extensa 5220	1664786618151	1664786619318	OK	 
REQUEST		Update Acer Extensa 5220 Redirect 1	1664786619319	1664786619681	OK	 
REQUEST		Enter Computer name	1664786619442	1664786619734	OK	 
REQUEST		Enter Computer name	1664786619442	1664786619770	OK	 
REQUEST		Update Acer Extensa 5220	1664786618624	1664786619836	OK	 
USER	Users	START	1664786620136
USER	Admin	START	1664786620136
REQUEST		Update Acer Extensa 5220	1664786619125	1664786620202	OK	 
REQUEST		Update Acer Extensa 5220 Redirect 1	1664786619837	1664786620203	OK	 
REQUEST		Computer List	1664786619128	1664786620934	OK	 
REQUEST		Enter Computer name	1664786620276	1664786620934	OK	 
USER	Admin	START	1664786620934
REQUEST		Update Acer Extensa 5220 Redirect 1	1664786620203	1664786621199	OK	 
USER	Users	START	1664786621199
USER	Admin	START	1664786621198
USER	Admin	END	1664786621475
USER	Admin	END	1664786621477
USER	Admin	END	1664786621714
REQUEST		Update Acer Extensa 5220	1664786620138	1664786621839	OK	 
REQUEST		Computer List	1664786620138	1664786621911	OK	 
REQUEST		Filter by Name	1664786621742	1664786622049	OK	 
REQUEST		Filter by Name	1664786621788	1664786622082	OK	 
USER	Users	START	1664786622135
USER	Admin	START	1664786622141
REQUEST		Update Acer Extensa 5220 Redirect 1	1664786621841	1664786622170	OK	 
REQUEST		Enter Computer name	1664786621942	1664786622200	OK	 
REQUEST		Update Acer Extensa 5220	1664786620935	1664786622203	OK	 
REQUEST		Update Acer Extensa 5220	1664786621199	1664786622342	OK	 
REQUEST		Computer List	1664786621199	1664786622431	OK	 
REQUEST		Update Acer Extensa 5220 Redirect 1	1664786622204	1664786622514	OK	 
USER	Admin	START	1664786622630
USER	Admin	END	1664786622694
REQUEST		Update Acer Extensa 5220 Redirect 1	1664786622345	1664786622701	OK	 
USER	Admin	START	1664786623126
USER	Users	START	1664786623126
REQUEST		Enter Computer name	1664786622923	1664786623206	OK	 
USER	Admin	END	1664786623220
REQUEST		Filter by Name	1664786622939	1664786623253	OK	 
REQUEST		Update Acer Extensa 5220	1664786622144	1664786623297	OK	 
REQUEST		Computer List	1664786622136	1664786623319	OK	 
REQUEST		Update Acer Extensa 5220 Redirect 1	1664786623298	1664786623678	OK	 
REQUEST		Enter Computer name	1664786623437	1664786623736	OK	 
REQUEST		Update Acer Extensa 5220	1664786622632	1664786623820	OK	 
REQUEST		Update Acer Extensa 5220 Redirect 1	1664786623822	1664786624079	OK	 
USER	Users	START	1664786624136
USER	Admin	START	1664786624136
USER	Admin	END	1664786624215
REQUEST		Update Acer Extensa 5220	1664786623127	1664786624288	OK	 
REQUEST		Computer List	1664786623127	1664786624290	OK	 
REQUEST		Filter by Name	1664786624214	1664786624517	OK	 
REQUEST		Update Acer Extensa 5220 Redirect 1	1664786624291	1664786624572	OK	 
USER	Admin	START	1664786624634
REQUEST		Enter Computer name	1664786624338	1664786624640	OK	 
USER	Users	END	1664786625057
USER	Users	END	1664786625088
USER	Admin	START	1664786625134
USER	Users	START	1664786625136
USER	Admin	END	1664786625182
REQUEST		Update Acer Extensa 5220	1664786624137	1664786625263	OK	 
REQUEST		Computer List	1664786624137	1664786625286	OK	 
REQUEST		Filter by Name	1664786625211	1664786625520	OK	 
USER	Admin	END	1664786625526
REQUEST		Update Acer Extensa 5220 Redirect 1	1664786625265	1664786625545	OK	 
REQUEST		Enter Computer name	1664786625306	1664786625571	OK	 
USER	Admin	END	1664786625713
REQUEST		Update Acer Extensa 5220	1664786624635	1664786625880	OK	 
REQUEST		Filter by Name	1664786625742	1664786626043	OK	 
REQUEST		Update Acer Extensa 5220 Redirect 1	1664786625883	1664786626236	OK	 
REQUEST		Computer List	1664786625137	1664786626238	OK	 
USER	Users	END	1664786626271
REQUEST		Update Acer Extensa 5220	1664786625135	1664786626322	OK	 
REQUEST		Enter Computer name	1664786626300	1664786626583	OK	 
REQUEST		Update Acer Extensa 5220 Redirect 1	1664786626324	1664786626605	OK	 
USER	Admin	END	1664786626690
REQUEST		Filter by Name	1664786626657	1664786626965	OK	 
USER	Admin	END	1664786627097
USER	Users	END	1664786627530
REQUEST		Enter Computer name	1664786627250	1664786627534	OK	 
USER	Admin	END	1664786627594
REQUEST		Filter by Name	1664786627577	1664786627918	OK	 
USER	Users	END	1664786628527
USER	Admin	END	1664786628559
REQUEST		Filter by Name	1664786628588	1664786628920	OK	 
USER	Users	END	1664786629057
USER	Admin	END	1664786629243
USER	Admin	END	1664786629619
REQUEST		Filter by Name	1664786629540	1664786629922	OK	 
USER	Users	END	1664786629975
USER	Users	END	1664786630932
USER	Users	END	1664786631928
USER	Users	END	1664786632939
